[20:36:31.421] [T1] [DS=False] DEBUG | Log Started
[20:36:31.474] [T1] [DS=False] DEBUG | BeforeStart() - Checking Group Settings:
-> GroupName = UniqueNameHere
->-> Setting has 1 definitions:
->->-> Definition = (null)/(null)
->->-> Definition was null

BeforeStart() - Checking Config for saved settings
-> Setting = MyObjectBuilder_MyProgrammableBlock/SmallProgrammableBlock
->-> Setting added successfully
-> Setting = MyObjectBuilder_Projector/LargeProjector
->-> Setting added successfully
-> Setting = MyObjectBuilder_Projector/SmallProjector
->-> Setting added successfully
-> Setting = MyObjectBuilder_SensorBlock/SmallBlockSensor
->-> Setting added successfully
-> Setting = MyObjectBuilder_SensorBlock/LargeBlockSensor
->-> Setting added successfully
-> Setting = MyObjectBuilder_TargetDummyBlock/TargetDummy
->-> Setting added successfully
-> Setting = MyObjectBuilder_SoundBlock/SmallBlockSoundBlock
->-> Setting added successfully
-> Setting = MyObjectBuilder_SoundBlock/LargeBlockSoundBlock
->-> Setting added successfully
-> Setting = MyObjectBuilder_ButtonPanel/ButtonPanelLarge
->-> Setting added successfully
-> Setting = MyObjectBuilder_ButtonPanel/ButtonPanelSmall
->-> Setting added successfully
-> Setting = MyObjectBuilder_ButtonPanel/LargeButtonPanelPedestal
->-> Setting added successfully
-> Setting = MyObjectBuilder_ButtonPanel/SmallButtonPanelPedestal
->-> Setting added successfully
-> Setting = MyObjectBuilder_TimerBlock/TimerBlockLarge
->-> Setting added successfully
-> Setting = MyObjectBuilder_TimerBlock/TimerBlockSmall
->-> Setting added successfully
-> Setting = MyObjectBuilder_MyProgrammableBlock/LargeProgrammableBlock
->-> Setting added successfully
-> Setting = MyObjectBuilder_TurretControlBlock/LargeTurretControlBlock
->-> Setting added successfully
-> Setting = MyObjectBuilder_TurretControlBlock/SmallTurretControlBlock
->-> Setting added successfully
-> Setting = MyObjectBuilder_EventControllerBlock/EventControllerLarge
->-> Setting added successfully
-> Setting = MyObjectBuilder_EventControllerBlock/EventControllerSmall
->-> Setting added successfully
-> Setting = MyObjectBuilder_PathRecorderBlock/LargePathRecorderBlock
->-> Setting added successfully
-> Setting = MyObjectBuilder_PathRecorderBlock/SmallPathRecorderBlock
->-> Setting added successfully
-> Setting = MyObjectBuilder_BasicMissionBlock/LargeBasicMission
->-> Setting added successfully
-> Setting = MyObjectBuilder_BasicMissionBlock/SmallBasicMission
->-> Setting added successfully
-> Setting = MyObjectBuilder_FlightMovementBlock/LargeFlightMovement
->-> Setting added successfully
-> Setting = MyObjectBuilder_FlightMovementBlock/SmallFlightMovement
->-> Setting added successfully
-> Setting = MyObjectBuilder_DefensiveCombatBlock/LargeDefensiveCombat
->-> Setting added successfully
-> Setting = MyObjectBuilder_DefensiveCombatBlock/SmallDefensiveCombat
->-> Setting added successfully
-> Setting = MyObjectBuilder_OffensiveCombatBlock/LargeOffensiveCombat
->-> Setting added successfully
-> Setting = MyObjectBuilder_OffensiveCombatBlock/SmallOffensiveCombat
->-> Setting added successfully
-> Setting = MyObjectBuilder_RadioAntenna/LargeBlockRadioAntenna
->-> Setting added successfully
-> Setting = MyObjectBuilder_RadioAntenna/LargeBlockCompactRadioAntenna
->-> Setting added successfully
-> Setting = MyObjectBuilder_Beacon/LargeBlockBeacon
->-> Setting added successfully
-> Setting = MyObjectBuilder_Beacon/SmallBlockBeacon
->-> Setting added successfully
-> Setting = MyObjectBuilder_RadioAntenna/SmallBlockRadioAntenna
->-> Setting added successfully
-> Setting = MyObjectBuilder_RemoteControl/LargeBlockRemoteControl
->-> Setting added successfully
-> Setting = MyObjectBuilder_RemoteControl/SmallBlockRemoteControl
->-> Setting added successfully
-> Setting = MyObjectBuilder_LaserAntenna/LargeBlockLaserAntenna
->-> Setting added successfully
-> Setting = MyObjectBuilder_LaserAntenna/SmallBlockLaserAntenna
->-> Setting added successfully
-> Setting = MyObjectBuilder_BroadcastController/LargeBlockBroadcastController
->-> Setting added successfully
-> Setting = MyObjectBuilder_BroadcastController/SmallBlockBroadcastController
->-> Setting added successfully
-> Setting = MyObjectBuilder_TransponderBlock/LargeBlockTransponder
->-> Setting added successfully
-> Setting = MyObjectBuilder_TransponderBlock/SmallBlockTransponder
->-> Setting added successfully
-> Setting = MyObjectBuilder_ExtendedPistonBase/LargePistonBaseReskin
->-> Setting added successfully
-> Setting = MyObjectBuilder_ExtendedPistonBase/SmallPistonBaseReskin
->-> Setting added successfully
-> Setting = MyObjectBuilder_Door/LargeBlockSmallGate
->-> Setting added successfully
-> Setting = MyObjectBuilder_Door/LargeBlockEvenWideDoor
->-> Setting added successfully
-> Setting = MyObjectBuilder_RadioAntenna/LargeBlockCompactRadioAntennaReskin
->-> Setting added successfully
-> Setting = MyObjectBuilder_RadioAntenna/SmallBlockCompactRadioAntennaReskin
->-> Setting added successfully
-> Setting = MyObjectBuilder_Cockpit/LargeBlockModularBridgeCockpit
->-> Setting added successfully
-> Setting = MyObjectBuilder_ButtonPanel/LargeBlockModularBridgeButtonPanel
->-> Setting added successfully
-> Setting = MyObjectBuilder_ReflectorLight/LargeBlockFloodlight
->-> Setting added successfully
-> Setting = MyObjectBuilder_ReflectorLight/LargeBlockFloodlightAngled
->-> Setting added successfully
-> Setting = MyObjectBuilder_ReflectorLight/LargeBlockFloodlightCornerL
->-> Setting added successfully
-> Setting = MyObjectBuilder_ReflectorLight/LargeBlockFloodlightCornerR
->-> Setting added successfully
-> Setting = MyObjectBuilder_ReflectorLight/SmallBlockFloodlight
->-> Setting added successfully
-> Setting = MyObjectBuilder_ReflectorLight/SmallBlockFloodlightAngled
->-> Setting added successfully
-> Setting = MyObjectBuilder_ReflectorLight/SmallBlockFloodlightCornerL
->-> Setting added successfully
-> Setting = MyObjectBuilder_ReflectorLight/SmallBlockFloodlightCornerR
->-> Setting added successfully
-> Setting = MyObjectBuilder_ReflectorLight/SmallBlockFloodlightDown
->-> Setting added successfully
-> Setting = MyObjectBuilder_ReflectorLight/SmallBlockFloodlightAngledRotated
->-> Setting added successfully
-> Setting = MyObjectBuilder_LargeMissileTurret/LargeMissileTurretReskin
->-> Setting added successfully
-> Setting = MyObjectBuilder_LargeMissileTurret/SmallMissileTurretReskin
->-> Setting added successfully
-> Setting = MyObjectBuilder_LargeGatlingTurret/LargeGatlingTurretReskin
->-> Setting added successfully
-> Setting = MyObjectBuilder_LargeGatlingTurret/SmallGatlingTurretReskin
->-> Setting added successfully
-> Setting = MyObjectBuilder_Cockpit/LargeBlockCaptainDesk
->-> Setting added successfully
-> Setting = MyObjectBuilder_Jukebox/SmallBlockJukeboxReskin
->-> Setting added successfully
-> Setting = MyObjectBuilder_TerminalBlock/SmallBlockFirstAidCabinet
->-> Setting added successfully
-> Setting = MyObjectBuilder_CryoChamber/SmallBlockBunkBed
->-> Setting added successfully
-> Setting = MyObjectBuilder_TerminalBlock/SmallBlockKitchenOven
->-> Setting added successfully
-> Setting = MyObjectBuilder_TerminalBlock/SmallBlockKitchenMicrowave
->-> Setting added successfully
-> Setting = MyObjectBuilder_TerminalBlock/SmallBlockKitchenFridge
->-> Setting added successfully
-> Setting = MyObjectBuilder_CargoContainer/SmallBlockModularContainer
->-> Setting added successfully
-> Setting = MyObjectBuilder_TerminalBlock/ControlPanel
->-> Setting added successfully
-> Setting = MyObjectBuilder_TerminalBlock/SmallControlPanel
->-> Setting added successfully
-> Setting = MyObjectBuilder_TerminalBlock/LargeControlPanelPedestal
->-> Setting added successfully
-> Setting = MyObjectBuilder_TerminalBlock/SmallControlPanelPedestal
->-> Setting added successfully
-> Setting = MyObjectBuilder_Cockpit/LargeBlockCockpit
->-> Setting added successfully
-> Setting = MyObjectBuilder_Cockpit/LargeBlockCockpitSeat
->-> Setting added successfully
-> Setting = MyObjectBuilder_Cockpit/SmallBlockCockpit
->-> Setting added successfully
-> Setting = MyObjectBuilder_Cockpit/DBSmallBlockFighterCockpit
->-> Setting added successfully
-> Setting = MyObjectBuilder_Cockpit/CockpitOpen
->-> Setting added successfully
-> Setting = MyObjectBuilder_Cockpit/RoverCockpit
->-> Setting added successfully
-> Setting = MyObjectBuilder_Gyro/LargeBlockGyro
->-> Setting added successfully
-> Setting = MyObjectBuilder_Gyro/SmallBlockGyro
->-> Setting added successfully
-> Setting = MyObjectBuilder_Cockpit/OpenCockpitSmall
->-> Setting added successfully
-> Setting = MyObjectBuilder_Cockpit/OpenCockpitLarge
->-> Setting added successfully
-> Setting = MyObjectBuilder_Cockpit/SmallBlockFlushCockpit
->-> Setting added successfully
-> Setting = MyObjectBuilder_Cockpit/LargeBlockDesk
->-> Setting added successfully
-> Setting = MyObjectBuilder_Cockpit/LargeBlockDeskCorner
->-> Setting added successfully
-> Setting = MyObjectBuilder_Cockpit/LargeBlockDeskCornerInv
->-> Setting added successfully
-> Setting = MyObjectBuilder_CryoChamber/LargeBlockBed
->-> Setting added successfully
-> Setting = MyObjectBuilder_CargoContainer/LargeBlockLockerRoom
->-> Setting added successfully
-> Setting = MyObjectBuilder_CargoContainer/LargeBlockLockerRoomCorner
->-> Setting added successfully
-> Setting = MyObjectBuilder_Cockpit/LargeBlockCouch
->-> Setting added successfully
-> Setting = MyObjectBuilder_Cockpit/LargeBlockCouchCorner
->-> Setting added successfully
-> Setting = MyObjectBuilder_CargoContainer/LargeBlockLockers
->-> Setting added successfully
-> Setting = MyObjectBuilder_Cockpit/LargeBlockBathroomOpen
->-> Setting added successfully
-> Setting = MyObjectBuilder_Cockpit/LargeBlockBathroom
->-> Setting added successfully
-> Setting = MyObjectBuilder_Cockpit/LargeBlockToilet
->-> Setting added successfully
-> Setting = MyObjectBuilder_Projector/LargeBlockConsole
->-> Setting added successfully
-> Setting = MyObjectBuilder_Cockpit/SmallBlockCockpitIndustrial
->-> Setting added successfully
-> Setting = MyObjectBuilder_Cockpit/LargeBlockCockpitIndustrial
->-> Setting added successfully
-> Setting = MyObjectBuilder_VendingMachine/FoodDispenser
->-> Setting added successfully
-> Setting = MyObjectBuilder_Jukebox/Jukebox
->-> Setting added successfully
-> Setting = MyObjectBuilder_TextPanel/TransparentLCDLarge
->-> Setting added successfully
-> Setting = MyObjectBuilder_TextPanel/TransparentLCDSmall
->-> Setting added successfully
-> Setting = MyObjectBuilder_ReflectorLight/RotatingLightLarge
->-> Setting added successfully
-> Setting = MyObjectBuilder_ReflectorLight/RotatingLightSmall
->-> Setting added successfully
-> Setting = MyObjectBuilder_SolarPanel/LargeBlockColorableSolarPanel
->-> Setting added successfully
-> Setting = MyObjectBuilder_SolarPanel/LargeBlockColorableSolarPanelCorner
->-> Setting added successfully
-> Setting = MyObjectBuilder_SolarPanel/LargeBlockColorableSolarPanelCornerInverted
->-> Setting added successfully
-> Setting = MyObjectBuilder_SolarPanel/SmallBlockColorableSolarPanel
->-> Setting added successfully
-> Setting = MyObjectBuilder_SolarPanel/SmallBlockColorableSolarPanelCorner
->-> Setting added successfully
-> Setting = MyObjectBuilder_SolarPanel/SmallBlockColorableSolarPanelCornerInverted
->-> Setting added successfully
-> Setting = MyObjectBuilder_WindTurbine/LargeBlockWindTurbineReskin
->-> Setting added successfully
-> Setting = MyObjectBuilder_Beacon/LargeBlockBeaconReskin
->-> Setting added successfully
-> Setting = MyObjectBuilder_Beacon/SmallBlockBeaconReskin
->-> Setting added successfully
-> Setting = MyObjectBuilder_CryoChamber/LargeBlockCryoRoom
->-> Setting added successfully
-> Setting = MyObjectBuilder_Cockpit/SmallBlockCapCockpit
->-> Setting added successfully
-> Setting = MyObjectBuilder_TextPanel/HoloLCDLarge
->-> Setting added successfully
-> Setting = MyObjectBuilder_TextPanel/HoloLCDSmall
->-> Setting added successfully
-> Setting = MyObjectBuilder_MedicalRoom/LargeMedicalRoomReskin
->-> Setting added successfully
-> Setting = MyObjectBuilder_InteriorLight/LargeBlockInsetAquarium
->-> Setting added successfully
-> Setting = MyObjectBuilder_CryoChamber/LargeBlockHalfBed
->-> Setting added successfully
-> Setting = MyObjectBuilder_CryoChamber/LargeBlockHalfBedOffset
->-> Setting added successfully
-> Setting = MyObjectBuilder_TextPanel/LargeFullBlockLCDPanel
->-> Setting added successfully
-> Setting = MyObjectBuilder_TextPanel/SmallFullBlockLCDPanel
->-> Setting added successfully
-> Setting = MyObjectBuilder_TextPanel/LargeDiagonalLCDPanel
->-> Setting added successfully
-> Setting = MyObjectBuilder_TextPanel/SmallDiagonalLCDPanel
->-> Setting added successfully
-> Setting = MyObjectBuilder_TextPanel/LargeCurvedLCDPanel
->-> Setting added successfully
-> Setting = MyObjectBuilder_TextPanel/SmallCurvedLCDPanel
->-> Setting added successfully
-> Setting = MyObjectBuilder_TerminalBlock/LargeCrate
->-> Setting added successfully
-> Setting = MyObjectBuilder_Warhead/LargeExplosiveBarrel
->-> Setting added successfully
-> Setting = MyObjectBuilder_Warhead/SmallExplosiveBarrel
->-> Setting added successfully
-> Setting = MyObjectBuilder_Cockpit/LargeBlockInsetPlantCouch
->-> Setting added successfully
-> Setting = MyObjectBuilder_CryoChamber/LargeBlockInsetBed
->-> Setting added successfully
-> Setting = MyObjectBuilder_ButtonPanel/LargeBlockInsetButtonPanel
->-> Setting added successfully
-> Setting = MyObjectBuilder_Jukebox/LargeBlockInsetEntertainmentCorner
->-> Setting added successfully
-> Setting = MyObjectBuilder_CargoContainer/LargeBlockInsetBookshelf
->-> Setting added successfully
-> Setting = MyObjectBuilder_InteriorLight/LargeBlockInsetKitchen
->-> Setting added successfully
-> Setting = MyObjectBuilder_Door/(null)
->-> Setting added successfully
-> Setting = MyObjectBuilder_Door/SmallDoor
->-> Setting added successfully
-> Setting = MyObjectBuilder_AirtightHangarDoor/(null)
->-> Setting added successfully
-> Setting = MyObjectBuilder_AirtightSlideDoor/LargeBlockSlideDoor
->-> Setting added successfully
-> Setting = MyObjectBuilder_StoreBlock/StoreBlock
->-> Setting added successfully
-> Setting = MyObjectBuilder_SafeZoneBlock/SafeZoneBlock
->-> Setting added successfully
-> Setting = MyObjectBuilder_ContractBlock/ContractBlock
->-> Setting added successfully
-> Setting = MyObjectBuilder_VendingMachine/VendingMachine
->-> Setting added successfully
-> Setting = MyObjectBuilder_StoreBlock/AtmBlock
->-> Setting added successfully
-> Setting = MyObjectBuilder_BatteryBlock/LargeBlockBatteryBlock
->-> Setting added successfully
-> Setting = MyObjectBuilder_BatteryBlock/SmallBlockBatteryBlock
->-> Setting added successfully
-> Setting = MyObjectBuilder_BatteryBlock/SmallBlockSmallBatteryBlock
->-> Setting added successfully
-> Setting = MyObjectBuilder_Reactor/SmallBlockSmallGenerator
->-> Setting added successfully
-> Setting = MyObjectBuilder_Reactor/SmallBlockLargeGenerator
->-> Setting added successfully
-> Setting = MyObjectBuilder_Reactor/LargeBlockSmallGenerator
->-> Setting added successfully
-> Setting = MyObjectBuilder_Reactor/LargeBlockLargeGenerator
->-> Setting added successfully
-> Setting = MyObjectBuilder_HydrogenEngine/LargeHydrogenEngine
->-> Setting added successfully
-> Setting = MyObjectBuilder_HydrogenEngine/SmallHydrogenEngine
->-> Setting added successfully
-> Setting = MyObjectBuilder_WindTurbine/LargeBlockWindTurbine
->-> Setting added successfully
-> Setting = MyObjectBuilder_SolarPanel/LargeBlockSolarPanel
->-> Setting added successfully
-> Setting = MyObjectBuilder_SolarPanel/SmallBlockSolarPanel
->-> Setting added successfully
-> Setting = MyObjectBuilder_RadioAntenna/LargeBlockRadioAntennaDish
->-> Setting added successfully
-> Setting = MyObjectBuilder_Door/LargeBlockGate
->-> Setting added successfully
-> Setting = MyObjectBuilder_Door/LargeBlockOffsetDoor
->-> Setting added successfully
-> Setting = MyObjectBuilder_GravityGenerator/(null)
->-> Setting added successfully
-> Setting = MyObjectBuilder_GravityGeneratorSphere/(null)
->-> Setting added successfully
-> Setting = MyObjectBuilder_VirtualMass/VirtualMassLarge
->-> Setting added successfully
-> Setting = MyObjectBuilder_VirtualMass/VirtualMassSmall
->-> Setting added successfully
-> Setting = MyObjectBuilder_SpaceBall/SpaceBallLarge
->-> Setting added successfully
-> Setting = MyObjectBuilder_SpaceBall/SpaceBallSmall
->-> Setting added successfully
-> Setting = MyObjectBuilder_InteriorLight/LargeBlockInsetLight
->-> Setting added successfully
-> Setting = MyObjectBuilder_InteriorLight/SmallBlockInsetLight
->-> Setting added successfully
-> Setting = MyObjectBuilder_TerminalBlock/LargeBlockAccessPanel1
->-> Setting added successfully
-> Setting = MyObjectBuilder_TerminalBlock/LargeBlockAccessPanel2
->-> Setting added successfully
-> Setting = MyObjectBuilder_ButtonPanel/LargeBlockAccessPanel3
->-> Setting added successfully
-> Setting = MyObjectBuilder_TerminalBlock/LargeBlockAccessPanel4
->-> Setting added successfully
-> Setting = MyObjectBuilder_TerminalBlock/SmallBlockAccessPanel1
->-> Setting added successfully
-> Setting = MyObjectBuilder_TerminalBlock/SmallBlockAccessPanel2
->-> Setting added successfully
-> Setting = MyObjectBuilder_TerminalBlock/SmallBlockAccessPanel3
->-> Setting added successfully
-> Setting = MyObjectBuilder_TerminalBlock/SmallBlockAccessPanel4
->-> Setting added successfully
-> Setting = MyObjectBuilder_AirVent/AirVentFan
->-> Setting added successfully
-> Setting = MyObjectBuilder_AirVent/AirVentFanFull
->-> Setting added successfully
-> Setting = MyObjectBuilder_AirVent/SmallAirVentFan
->-> Setting added successfully
-> Setting = MyObjectBuilder_AirVent/SmallAirVentFanFull
->-> Setting added successfully
-> Setting = MyObjectBuilder_CameraBlock/LargeCameraTopMounted
->-> Setting added successfully
-> Setting = MyObjectBuilder_CameraBlock/SmallCameraTopMounted
->-> Setting added successfully
-> Setting = MyObjectBuilder_SensorBlock/SmallBlockSensorReskin
->-> Setting added successfully
-> Setting = MyObjectBuilder_SensorBlock/LargeBlockSensorReskin
->-> Setting added successfully
-> Setting = MyObjectBuilder_MyProgrammableBlock/LargeProgrammableBlockReskin
->-> Setting added successfully
-> Setting = MyObjectBuilder_MyProgrammableBlock/SmallProgrammableBlockReskin
->-> Setting added successfully
-> Setting = MyObjectBuilder_TimerBlock/TimerBlockReskinLarge
->-> Setting added successfully
-> Setting = MyObjectBuilder_TimerBlock/TimerBlockReskinSmall
->-> Setting added successfully
-> Setting = MyObjectBuilder_Cockpit/SpeederCockpit
->-> Setting added successfully
-> Setting = MyObjectBuilder_Cockpit/SpeederCockpitCompact
->-> Setting added successfully
-> Setting = MyObjectBuilder_EmotionControllerBlock/EmotionControllerLarge
->-> Setting added successfully
-> Setting = MyObjectBuilder_EmotionControllerBlock/EmotionControllerSmall
->-> Setting added successfully
-> Setting = MyObjectBuilder_LandingGear/LargeBlockMagneticPlate
->-> Setting added successfully
-> Setting = MyObjectBuilder_LandingGear/SmallBlockMagneticPlate
->-> Setting added successfully
-> Setting = MyObjectBuilder_CargoContainer/LargeBlockLargeIndustrialContainer
->-> Setting added successfully
-> Setting = MyObjectBuilder_ButtonPanel/VerticalButtonPanelLarge
->-> Setting added successfully
-> Setting = MyObjectBuilder_ButtonPanel/VerticalButtonPanelSmall
->-> Setting added successfully
-> Setting = MyObjectBuilder_OxygenTank/LargeHydrogenTankIndustrial
->-> Setting added successfully
-> Setting = MyObjectBuilder_Assembler/LargeAssemblerIndustrial
->-> Setting added successfully
-> Setting = MyObjectBuilder_Refinery/LargeRefineryIndustrial
->-> Setting added successfully
-> Setting = MyObjectBuilder_ConveyorSorter/LargeBlockConveyorSorterIndustrial
->-> Setting added successfully
-> Setting = MyObjectBuilder_Thrust/LargeBlockLargeHydrogenThrustIndustrial
->-> Setting added successfully
-> Setting = MyObjectBuilder_Thrust/LargeBlockSmallHydrogenThrustIndustrial
->-> Setting added successfully
-> Setting = MyObjectBuilder_Thrust/SmallBlockLargeHydrogenThrustIndustrial
->-> Setting added successfully
-> Setting = MyObjectBuilder_Thrust/SmallBlockSmallHydrogenThrustIndustrial
->-> Setting added successfully
-> Setting = MyObjectBuilder_Cockpit/PassengerSeatLarge
->-> Setting added successfully
-> Setting = MyObjectBuilder_Cockpit/PassengerSeatSmall
->-> Setting added successfully
-> Setting = MyObjectBuilder_Cockpit/PassengerSeatSmallNew
->-> Setting added successfully
-> Setting = MyObjectBuilder_Cockpit/PassengerSeatSmallOffset
->-> Setting added successfully
-> Setting = MyObjectBuilder_InteriorLight/AirDuctLight
->-> Setting added successfully
-> Setting = MyObjectBuilder_TextPanel/SmallTextPanel
->-> Setting added successfully
-> Setting = MyObjectBuilder_TextPanel/SmallLCDPanelWide
->-> Setting added successfully
-> Setting = MyObjectBuilder_TextPanel/SmallLCDPanel
->-> Setting added successfully
-> Setting = MyObjectBuilder_TextPanel/LargeBlockCorner_LCD_1
->-> Setting added successfully
-> Setting = MyObjectBuilder_TextPanel/LargeBlockCorner_LCD_2
->-> Setting added successfully
-> Setting = MyObjectBuilder_TextPanel/LargeBlockCorner_LCD_Flat_1
->-> Setting added successfully
-> Setting = MyObjectBuilder_TextPanel/LargeBlockCorner_LCD_Flat_2
->-> Setting added successfully
-> Setting = MyObjectBuilder_TextPanel/SmallBlockCorner_LCD_1
->-> Setting added successfully
-> Setting = MyObjectBuilder_TextPanel/SmallBlockCorner_LCD_2
->-> Setting added successfully
-> Setting = MyObjectBuilder_TextPanel/SmallBlockCorner_LCD_Flat_1
->-> Setting added successfully
-> Setting = MyObjectBuilder_TextPanel/SmallBlockCorner_LCD_Flat_2
->-> Setting added successfully
-> Setting = MyObjectBuilder_TextPanel/LargeTextPanel
->-> Setting added successfully
-> Setting = MyObjectBuilder_TextPanel/LargeLCDPanel
->-> Setting added successfully
-> Setting = MyObjectBuilder_TextPanel/LargeLCDPanelWide
->-> Setting added successfully
-> Setting = MyObjectBuilder_ReflectorLight/LargeBlockFrontLight
->-> Setting added successfully
-> Setting = MyObjectBuilder_ReflectorLight/SmallBlockFrontLight
->-> Setting added successfully
-> Setting = MyObjectBuilder_InteriorLight/SmallLight
->-> Setting added successfully
-> Setting = MyObjectBuilder_InteriorLight/SmallBlockSmallLight
->-> Setting added successfully
-> Setting = MyObjectBuilder_InteriorLight/LargeBlockLight_1corner
->-> Setting added successfully
-> Setting = MyObjectBuilder_InteriorLight/LargeBlockLight_2corner
->-> Setting added successfully
-> Setting = MyObjectBuilder_InteriorLight/SmallBlockLight_1corner
->-> Setting added successfully
-> Setting = MyObjectBuilder_InteriorLight/SmallBlockLight_2corner
->-> Setting added successfully
-> Setting = MyObjectBuilder_OxygenTank/OxygenTankSmall
->-> Setting added successfully
-> Setting = MyObjectBuilder_OxygenTank/(null)
->-> Setting added successfully
-> Setting = MyObjectBuilder_OxygenTank/LargeHydrogenTank
->-> Setting added successfully
-> Setting = MyObjectBuilder_OxygenTank/LargeHydrogenTankSmall
->-> Setting added successfully
-> Setting = MyObjectBuilder_OxygenTank/SmallHydrogenTank
->-> Setting added successfully
-> Setting = MyObjectBuilder_OxygenTank/SmallHydrogenTankSmall
->-> Setting added successfully
-> Setting = MyObjectBuilder_AirVent/(null)
->-> Setting added successfully
-> Setting = MyObjectBuilder_AirVent/AirVentFull
->-> Setting added successfully
-> Setting = MyObjectBuilder_AirVent/SmallAirVent
->-> Setting added successfully
-> Setting = MyObjectBuilder_AirVent/SmallAirVentFull
->-> Setting added successfully
-> Setting = MyObjectBuilder_CargoContainer/SmallBlockSmallContainer
->-> Setting added successfully
-> Setting = MyObjectBuilder_CargoContainer/SmallBlockMediumContainer
->-> Setting added successfully
-> Setting = MyObjectBuilder_CargoContainer/SmallBlockLargeContainer
->-> Setting added successfully
-> Setting = MyObjectBuilder_CargoContainer/LargeBlockSmallContainer
->-> Setting added successfully
-> Setting = MyObjectBuilder_CargoContainer/LargeBlockLargeContainer
->-> Setting added successfully
-> Setting = MyObjectBuilder_Collector/Collector
->-> Setting added successfully
-> Setting = MyObjectBuilder_Collector/CollectorSmall
->-> Setting added successfully
-> Setting = MyObjectBuilder_ShipConnector/Connector
->-> Setting added successfully
-> Setting = MyObjectBuilder_ShipConnector/ConnectorSmall
->-> Setting added successfully
-> Setting = MyObjectBuilder_ShipConnector/ConnectorMedium
->-> Setting added successfully
-> Setting = MyObjectBuilder_ShipConnector/LargeBlockInsetConnector
->-> Setting added successfully
-> Setting = MyObjectBuilder_ShipConnector/SmallBlockInsetConnector
->-> Setting added successfully
-> Setting = MyObjectBuilder_ShipConnector/SmallBlockInsetConnectorMedium
->-> Setting added successfully
-> Setting = MyObjectBuilder_ConveyorSorter/LargeBlockConveyorSorter
->-> Setting added successfully
-> Setting = MyObjectBuilder_ConveyorSorter/MediumBlockConveyorSorter
->-> Setting added successfully
-> Setting = MyObjectBuilder_ConveyorSorter/SmallBlockConveyorSorter
->-> Setting added successfully
-> Setting = MyObjectBuilder_PistonBase/LargePistonBase
->-> Setting added successfully
-> Setting = MyObjectBuilder_ExtendedPistonBase/LargePistonBase
->-> Setting added successfully
-> Setting = MyObjectBuilder_PistonBase/SmallPistonBase
->-> Setting added successfully
-> Setting = MyObjectBuilder_ExtendedPistonBase/SmallPistonBase
->-> Setting added successfully
-> Setting = MyObjectBuilder_MotorStator/LargeStator
->-> Setting added successfully
-> Setting = MyObjectBuilder_MotorStator/SmallStator
->-> Setting added successfully
-> Setting = MyObjectBuilder_MotorAdvancedStator/LargeAdvancedStator
->-> Setting added successfully
-> Setting = MyObjectBuilder_MotorAdvancedStator/SmallAdvancedStator
->-> Setting added successfully
-> Setting = MyObjectBuilder_MotorAdvancedStator/SmallAdvancedStatorSmall
->-> Setting added successfully
-> Setting = MyObjectBuilder_MotorAdvancedStator/LargeHinge
->-> Setting added successfully
-> Setting = MyObjectBuilder_MotorAdvancedStator/MediumHinge
->-> Setting added successfully
-> Setting = MyObjectBuilder_MotorAdvancedStator/SmallHinge
->-> Setting added successfully
-> Setting = MyObjectBuilder_MedicalRoom/LargeMedicalRoom
->-> Setting added successfully
-> Setting = MyObjectBuilder_CryoChamber/LargeBlockCryoChamber
->-> Setting added successfully
-> Setting = MyObjectBuilder_CryoChamber/SmallBlockCryoChamber
->-> Setting added successfully
-> Setting = MyObjectBuilder_Refinery/LargeRefinery
->-> Setting added successfully
-> Setting = MyObjectBuilder_Refinery/Blast Furnace
->-> Setting added successfully
-> Setting = MyObjectBuilder_OxygenGenerator/(null)
->-> Setting added successfully
-> Setting = MyObjectBuilder_OxygenGenerator/OxygenGeneratorSmall
->-> Setting added successfully
-> Setting = MyObjectBuilder_Assembler/LargeAssembler
->-> Setting added successfully
-> Setting = MyObjectBuilder_Assembler/BasicAssembler
->-> Definition cannot be restricted
->-> Setting added successfully
-> Setting = MyObjectBuilder_SurvivalKit/SurvivalKitLarge
->-> Setting added successfully
-> Setting = MyObjectBuilder_SurvivalKit/SurvivalKit
->-> Setting added successfully
-> Setting = MyObjectBuilder_OxygenFarm/LargeBlockOxygenFarm
->-> Setting added successfully
-> Setting = MyObjectBuilder_UpgradeModule/LargeProductivityModule
->-> Setting added successfully
-> Setting = MyObjectBuilder_UpgradeModule/LargeEffectivenessModule
->-> Setting added successfully
-> Setting = MyObjectBuilder_UpgradeModule/LargeEnergyModule
->-> Setting added successfully
-> Setting = MyObjectBuilder_JumpDrive/LargePrototechJumpDrive
->-> Setting added successfully
-> Setting = MyObjectBuilder_JumpDrive/SmallPrototechJumpDrive
->-> Setting added successfully
-> Setting = MyObjectBuilder_Thrust/LargeBlockPrototechThruster
->-> Setting added successfully
-> Setting = MyObjectBuilder_Thrust/SmallBlockPrototechThruster
->-> Setting added successfully
-> Setting = MyObjectBuilder_Refinery/LargePrototechRefinery
->-> Setting added successfully
-> Setting = MyObjectBuilder_Refinery/SmallPrototechRefinery
->-> Setting added successfully
-> Setting = MyObjectBuilder_Assembler/LargePrototechAssembler
->-> Setting added successfully
-> Setting = MyObjectBuilder_Gyro/LargeBlockPrototechGyro
->-> Setting added successfully
-> Setting = MyObjectBuilder_Gyro/SmallBlockPrototechGyro
->-> Setting added successfully
-> Setting = MyObjectBuilder_BatteryBlock/LargeBlockPrototechBattery
->-> Setting added successfully
-> Setting = MyObjectBuilder_BatteryBlock/SmallBlockPrototechBattery
->-> Setting added successfully
-> Setting = MyObjectBuilder_Drill/LargeBlockPrototechDrill
->-> Setting added successfully
-> Setting = MyObjectBuilder_ExhaustBlock/SmallExhaustPipe
->-> Setting added successfully
-> Setting = MyObjectBuilder_ExhaustBlock/LargeExhaustPipe
->-> Setting added successfully
-> Setting = MyObjectBuilder_Cockpit/BuggyCockpit
->-> Setting added successfully
-> Setting = MyObjectBuilder_MotorSuspension/OffroadSuspension3x3
->-> Setting added successfully
-> Setting = MyObjectBuilder_MotorSuspension/OffroadSuspension5x5
->-> Setting added successfully
-> Setting = MyObjectBuilder_MotorSuspension/OffroadSuspension1x1
->-> Setting added successfully
-> Setting = MyObjectBuilder_MotorSuspension/OffroadSuspension2x2
->-> Setting added successfully
-> Setting = MyObjectBuilder_MotorSuspension/OffroadSmallSuspension3x3
->-> Setting added successfully
-> Setting = MyObjectBuilder_MotorSuspension/OffroadSmallSuspension5x5
->-> Setting added successfully
-> Setting = MyObjectBuilder_MotorSuspension/OffroadSmallSuspension1x1
->-> Setting added successfully
-> Setting = MyObjectBuilder_MotorSuspension/OffroadSmallSuspension2x2
->-> Setting added successfully
-> Setting = MyObjectBuilder_MotorSuspension/OffroadSuspension3x3mirrored
->-> Setting added successfully
-> Setting = MyObjectBuilder_MotorSuspension/OffroadSuspension5x5mirrored
->-> Setting added successfully
-> Setting = MyObjectBuilder_MotorSuspension/OffroadSuspension1x1mirrored
->-> Setting added successfully
-> Setting = MyObjectBuilder_MotorSuspension/OffroadSuspension2x2Mirrored
->-> Setting added successfully
-> Setting = MyObjectBuilder_MotorSuspension/OffroadSmallSuspension3x3mirrored
->-> Setting added successfully
-> Setting = MyObjectBuilder_MotorSuspension/OffroadSmallSuspension5x5mirrored
->-> Setting added successfully
-> Setting = MyObjectBuilder_MotorSuspension/OffroadSmallSuspension1x1mirrored
->-> Setting added successfully
-> Setting = MyObjectBuilder_MotorSuspension/OffroadSmallSuspension2x2Mirrored
->-> Setting added successfully
-> Setting = MyObjectBuilder_MotorSuspension/OffroadShortSuspension3x3
->-> Setting added successfully
-> Setting = MyObjectBuilder_MotorSuspension/OffroadShortSuspension5x5
->-> Setting added successfully
-> Setting = MyObjectBuilder_MotorSuspension/OffroadShortSuspension1x1
->-> Setting added successfully
-> Setting = MyObjectBuilder_MotorSuspension/OffroadShortSuspension2x2
->-> Setting added successfully
-> Setting = MyObjectBuilder_MotorSuspension/OffroadSmallShortSuspension3x3
->-> Setting added successfully
-> Setting = MyObjectBuilder_MotorSuspension/OffroadSmallShortSuspension5x5
->-> Setting added successfully
-> Setting = MyObjectBuilder_MotorSuspension/OffroadSmallShortSuspension1x1
->-> Setting added successfully
-> Setting = MyObjectBuilder_MotorSuspension/OffroadSmallShortSuspension2x2
->-> Setting added successfully
-> Setting = MyObjectBuilder_MotorSuspension/OffroadShortSuspension3x3mirrored
->-> Setting added successfully
-> Setting = MyObjectBuilder_MotorSuspension/OffroadShortSuspension5x5mirrored
->-> Setting added successfully
-> Setting = MyObjectBuilder_MotorSuspension/OffroadShortSuspension1x1mirrored
->-> Setting added successfully
-> Setting = MyObjectBuilder_MotorSuspension/OffroadShortSuspension2x2Mirrored
->-> Setting added successfully
-> Setting = MyObjectBuilder_MotorSuspension/OffroadSmallShortSuspension3x3mirrored
->-> Setting added successfully
-> Setting = MyObjectBuilder_MotorSuspension/OffroadSmallShortSuspension5x5mirrored
->-> Setting added successfully
-> Setting = MyObjectBuilder_MotorSuspension/OffroadSmallShortSuspension1x1mirrored
->-> Setting added successfully
-> Setting = MyObjectBuilder_MotorSuspension/OffroadSmallShortSuspension2x2Mirrored
->-> Setting added successfully
-> Setting = MyObjectBuilder_InteriorLight/OffsetLight
->-> Setting added successfully
-> Setting = MyObjectBuilder_ReflectorLight/OffsetSpotlight
->-> Setting added successfully
-> Setting = MyObjectBuilder_InteriorLight/LargeBlockInsetWallLight
->-> Setting added successfully
-> Setting = MyObjectBuilder_Cockpit/LargeBlockConsoleModuleInvertedCorner
->-> Setting added successfully
-> Setting = MyObjectBuilder_Cockpit/LargeBlockConsoleModuleScreens
->-> Setting added successfully
-> Setting = MyObjectBuilder_ButtonPanel/LargeBlockConsoleModuleButtons
->-> Setting added successfully
-> Setting = MyObjectBuilder_TextPanel/SmallBlockConsoleModuleScreens
->-> Setting added successfully
-> Setting = MyObjectBuilder_ButtonPanel/SmallBlockConsoleModuleButtons
->-> Setting added successfully
-> Setting = MyObjectBuilder_InteriorLight/CorridorLight
->-> Setting added successfully
-> Setting = MyObjectBuilder_InteriorLight/CorridorNarrowStowage
->-> Setting added successfully
-> Setting = MyObjectBuilder_Door/LargeBlockNarrowDoor
->-> Setting added successfully
-> Setting = MyObjectBuilder_Door/LargeBlockNarrowDoorHalf
->-> Setting added successfully
-> Setting = MyObjectBuilder_InteriorLight/TrussPillarLight
->-> Setting added successfully
-> Setting = MyObjectBuilder_InteriorLight/TrussPillarLightSmall
->-> Setting added successfully
-> Setting = MyObjectBuilder_Decoy/TrussPillarDecoy
->-> Setting added successfully
-> Setting = MyObjectBuilder_TextPanel/LargeLCDPanel5x5
->-> Setting added successfully
-> Setting = MyObjectBuilder_TextPanel/LargeLCDPanel5x3
->-> Setting added successfully
-> Setting = MyObjectBuilder_TextPanel/LargeLCDPanel3x3
->-> Setting added successfully
-> Setting = MyObjectBuilder_TerminalBlock/LargeBlockSciFiTerminal
->-> Setting added successfully
-> Setting = MyObjectBuilder_ButtonPanel/LargeSciFiButtonTerminal
->-> Setting added successfully
-> Setting = MyObjectBuilder_Door/SmallSideDoor
->-> Setting added successfully
-> Setting = MyObjectBuilder_ButtonPanel/LargeSciFiButtonPanel
->-> Setting added successfully
-> Setting = MyObjectBuilder_Thrust/SmallBlockSmallThrustSciFi
->-> Setting added successfully
-> Setting = MyObjectBuilder_Thrust/SmallBlockLargeThrustSciFi
->-> Setting added successfully
-> Setting = MyObjectBuilder_Thrust/LargeBlockSmallThrustSciFi
->-> Setting added successfully
-> Setting = MyObjectBuilder_Thrust/LargeBlockLargeThrustSciFi
->-> Setting added successfully
-> Setting = MyObjectBuilder_Thrust/LargeBlockLargeAtmosphericThrustSciFi
->-> Setting added successfully
-> Setting = MyObjectBuilder_Thrust/LargeBlockSmallAtmosphericThrustSciFi
->-> Setting added successfully
-> Setting = MyObjectBuilder_Thrust/SmallBlockLargeAtmosphericThrustSciFi
->-> Setting added successfully
-> Setting = MyObjectBuilder_Thrust/SmallBlockSmallAtmosphericThrustSciFi
->-> Setting added successfully
-> Setting = MyObjectBuilder_Thrust/SmallBlockSmallThrust
->-> Setting added successfully
-> Setting = MyObjectBuilder_Thrust/SmallBlockLargeThrust
->-> Setting added successfully
-> Setting = MyObjectBuilder_Thrust/LargeBlockSmallThrust
->-> Setting added successfully
-> Setting = MyObjectBuilder_Thrust/LargeBlockLargeThrust
->-> Setting added successfully
-> Setting = MyObjectBuilder_Thrust/LargeBlockLargeHydrogenThrust
->-> Setting added successfully
-> Setting = MyObjectBuilder_Thrust/LargeBlockSmallHydrogenThrust
->-> Setting added successfully
-> Setting = MyObjectBuilder_Thrust/SmallBlockLargeHydrogenThrust
->-> Setting added successfully
-> Setting = MyObjectBuilder_Thrust/SmallBlockSmallHydrogenThrust
->-> Setting added successfully
-> Setting = MyObjectBuilder_Thrust/LargeBlockLargeAtmosphericThrust
->-> Setting added successfully
-> Setting = MyObjectBuilder_Thrust/LargeBlockSmallAtmosphericThrust
->-> Setting added successfully
-> Setting = MyObjectBuilder_Thrust/SmallBlockLargeAtmosphericThrust
->-> Setting added successfully
-> Setting = MyObjectBuilder_Thrust/SmallBlockSmallAtmosphericThrust
->-> Setting added successfully
-> Setting = MyObjectBuilder_Thrust/LargeBlockLargeFlatAtmosphericThrust
->-> Setting added successfully
-> Setting = MyObjectBuilder_Thrust/LargeBlockLargeFlatAtmosphericThrustDShape
->-> Setting added successfully
-> Setting = MyObjectBuilder_Thrust/LargeBlockSmallFlatAtmosphericThrust
->-> Setting added successfully
-> Setting = MyObjectBuilder_Thrust/LargeBlockSmallFlatAtmosphericThrustDShape
->-> Setting added successfully
-> Setting = MyObjectBuilder_Thrust/SmallBlockLargeFlatAtmosphericThrust
->-> Setting added successfully
-> Setting = MyObjectBuilder_Thrust/SmallBlockLargeFlatAtmosphericThrustDShape
->-> Setting added successfully
-> Setting = MyObjectBuilder_Thrust/SmallBlockSmallFlatAtmosphericThrust
->-> Setting added successfully
-> Setting = MyObjectBuilder_Thrust/SmallBlockSmallFlatAtmosphericThrustDShape
->-> Setting added successfully
-> Setting = MyObjectBuilder_Drill/SmallBlockDrill
->-> Setting added successfully
-> Setting = MyObjectBuilder_Drill/LargeBlockDrill
->-> Setting added successfully
-> Setting = MyObjectBuilder_ShipGrinder/LargeShipGrinder
->-> Setting added successfully
-> Setting = MyObjectBuilder_ShipGrinder/SmallShipGrinder
->-> Setting added successfully
-> Setting = MyObjectBuilder_ShipWelder/LargeShipWelder
->-> Setting added successfully
-> Setting = MyObjectBuilder_ShipWelder/SmallShipWelder
->-> Setting added successfully
-> Setting = MyObjectBuilder_OreDetector/LargeOreDetector
->-> Setting added successfully
-> Setting = MyObjectBuilder_OreDetector/SmallBlockOreDetector
->-> Setting added successfully
-> Setting = MyObjectBuilder_LandingGear/LargeBlockLandingGear
->-> Setting added successfully
-> Setting = MyObjectBuilder_LandingGear/SmallBlockLandingGear
->-> Setting added successfully
-> Setting = MyObjectBuilder_LandingGear/LargeBlockSmallMagneticPlate
->-> Setting added successfully
-> Setting = MyObjectBuilder_LandingGear/SmallBlockSmallMagneticPlate
->-> Setting added successfully
-> Setting = MyObjectBuilder_JumpDrive/LargeJumpDrive
->-> Setting added successfully
-> Setting = MyObjectBuilder_CameraBlock/SmallCameraBlock
->-> Setting added successfully
-> Setting = MyObjectBuilder_CameraBlock/LargeCameraBlock
->-> Setting added successfully
-> Setting = MyObjectBuilder_MergeBlock/LargeShipMergeBlock
->-> Setting added successfully
-> Setting = MyObjectBuilder_MergeBlock/SmallShipMergeBlock
->-> Setting added successfully
-> Setting = MyObjectBuilder_MergeBlock/SmallShipSmallMergeBlock
->-> Setting added successfully
-> Setting = MyObjectBuilder_Parachute/LgParachute
->-> Setting added successfully
-> Setting = MyObjectBuilder_Parachute/SmParachute
->-> Setting added successfully
-> Setting = MyObjectBuilder_CargoContainer/LargeBlockWeaponRack
->-> Setting added successfully
-> Setting = MyObjectBuilder_CargoContainer/SmallBlockWeaponRack
->-> Setting added successfully
-> Setting = MyObjectBuilder_InteriorLight/PassageSciFiLight
->-> Setting added successfully
-> Setting = MyObjectBuilder_Cockpit/PassengerBench
->-> Setting added successfully
-> Setting = MyObjectBuilder_InteriorLight/LargeLightPanel
->-> Setting added successfully
-> Setting = MyObjectBuilder_InteriorLight/SmallLightPanel
->-> Setting added successfully
-> Setting = MyObjectBuilder_Reactor/LargeBlockSmallGeneratorWarfare2
->-> Setting added successfully
-> Setting = MyObjectBuilder_Reactor/LargeBlockLargeGeneratorWarfare2
->-> Setting added successfully
-> Setting = MyObjectBuilder_Reactor/SmallBlockSmallGeneratorWarfare2
->-> Setting added successfully
-> Setting = MyObjectBuilder_Reactor/SmallBlockLargeGeneratorWarfare2
->-> Setting added successfully
-> Setting = MyObjectBuilder_AirtightHangarDoor/AirtightHangarDoorWarfare2A
->-> Setting added successfully
-> Setting = MyObjectBuilder_AirtightHangarDoor/AirtightHangarDoorWarfare2B
->-> Setting added successfully
-> Setting = MyObjectBuilder_AirtightHangarDoor/AirtightHangarDoorWarfare2C
->-> Setting added successfully
-> Setting = MyObjectBuilder_SmallMissileLauncher/SmallMissileLauncherWarfare2
->-> Setting added successfully
-> Setting = MyObjectBuilder_SmallGatlingGun/SmallGatlingGunWarfare2
->-> Setting added successfully
-> Setting = MyObjectBuilder_BatteryBlock/LargeBlockBatteryBlockWarfare2
->-> Setting added successfully
-> Setting = MyObjectBuilder_BatteryBlock/SmallBlockBatteryBlockWarfare2
->-> Setting added successfully
-> Setting = MyObjectBuilder_Door/SlidingHatchDoor
->-> Setting added successfully
-> Setting = MyObjectBuilder_Door/SlidingHatchDoorHalf
->-> Setting added successfully
-> Setting = MyObjectBuilder_Searchlight/SmallSearchlight
->-> Setting added successfully
-> Setting = MyObjectBuilder_Searchlight/LargeSearchlight
->-> Setting added successfully
-> Setting = MyObjectBuilder_HeatVentBlock/LargeHeatVentBlock
->-> Setting added successfully
-> Setting = MyObjectBuilder_HeatVentBlock/SmallHeatVentBlock
->-> Setting added successfully
-> Setting = MyObjectBuilder_Cockpit/SmallBlockStandingCockpit
->-> Setting added successfully
-> Setting = MyObjectBuilder_Cockpit/LargeBlockStandingCockpit
->-> Setting added successfully
-> Setting = MyObjectBuilder_Thrust/SmallBlockSmallModularThruster
->-> Setting added successfully
-> Setting = MyObjectBuilder_Thrust/SmallBlockLargeModularThruster
->-> Setting added successfully
-> Setting = MyObjectBuilder_Thrust/LargeBlockSmallModularThruster
->-> Setting added successfully
-> Setting = MyObjectBuilder_Thrust/LargeBlockLargeModularThruster
->-> Setting added successfully
-> Setting = MyObjectBuilder_Warhead/LargeWarhead
->-> Setting added successfully
-> Setting = MyObjectBuilder_Warhead/SmallWarhead
->-> Setting added successfully
-> Setting = MyObjectBuilder_Decoy/LargeDecoy
->-> Setting added successfully
-> Setting = MyObjectBuilder_Decoy/SmallDecoy
->-> Setting added successfully
-> Setting = MyObjectBuilder_LargeGatlingTurret/(null)
->-> Setting added successfully
-> Setting = MyObjectBuilder_LargeGatlingTurret/SmallGatlingTurret
->-> Setting added successfully
-> Setting = MyObjectBuilder_LargeMissileTurret/(null)
->-> Setting added successfully
-> Setting = MyObjectBuilder_LargeMissileTurret/SmallMissileTurret
->-> Setting added successfully
-> Setting = MyObjectBuilder_InteriorTurret/LargeInteriorTurret
->-> Setting added successfully
-> Setting = MyObjectBuilder_SmallMissileLauncher/(null)
->-> Setting added successfully
-> Setting = MyObjectBuilder_SmallMissileLauncher/LargeMissileLauncher
->-> Setting added successfully
-> Setting = MyObjectBuilder_SmallMissileLauncherReload/SmallRocketLauncherReload
->-> Setting added successfully
-> Setting = MyObjectBuilder_SmallGatlingGun/(null)
->-> Setting added successfully
-> Setting = MyObjectBuilder_SmallGatlingGun/SmallBlockAutocannon
->-> Setting added successfully
-> Setting = MyObjectBuilder_SmallMissileLauncherReload/SmallBlockMediumCalibreGun
->-> Setting added successfully
-> Setting = MyObjectBuilder_SmallMissileLauncher/LargeBlockLargeCalibreGun
->-> Setting added successfully
-> Setting = MyObjectBuilder_SmallMissileLauncherReload/LargeRailgun
->-> Setting added successfully
-> Setting = MyObjectBuilder_SmallMissileLauncherReload/SmallRailgun
->-> Setting added successfully
-> Setting = MyObjectBuilder_LargeMissileTurret/LargeCalibreTurret
->-> Setting added successfully
-> Setting = MyObjectBuilder_LargeMissileTurret/LargeBlockMediumCalibreTurret
->-> Setting added successfully
-> Setting = MyObjectBuilder_LargeMissileTurret/SmallBlockMediumCalibreTurret
->-> Setting added successfully
-> Setting = MyObjectBuilder_LargeGatlingTurret/AutoCannonTurret
->-> Setting added successfully
-> Setting = MyObjectBuilder_SmallMissileLauncher/LargeFlareLauncher
->-> Setting added successfully
-> Setting = MyObjectBuilder_SmallMissileLauncher/SmallFlareLauncher
->-> Setting added successfully
-> Setting = MyObjectBuilder_MotorSuspension/Suspension3x3
->-> Setting added successfully
-> Setting = MyObjectBuilder_MotorSuspension/Suspension5x5
->-> Setting added successfully
-> Setting = MyObjectBuilder_MotorSuspension/Suspension1x1
->-> Setting added successfully
-> Setting = MyObjectBuilder_MotorSuspension/Suspension2x2
->-> Setting added successfully
-> Setting = MyObjectBuilder_MotorSuspension/SmallSuspension3x3
->-> Setting added successfully
-> Setting = MyObjectBuilder_MotorSuspension/SmallSuspension5x5
->-> Setting added successfully
-> Setting = MyObjectBuilder_MotorSuspension/SmallSuspension1x1
->-> Setting added successfully
-> Setting = MyObjectBuilder_MotorSuspension/SmallSuspension2x2
->-> Setting added successfully
-> Setting = MyObjectBuilder_MotorSuspension/Suspension3x3mirrored
->-> Setting added successfully
-> Setting = MyObjectBuilder_MotorSuspension/Suspension5x5mirrored
->-> Setting added successfully
-> Setting = MyObjectBuilder_MotorSuspension/Suspension1x1mirrored
->-> Setting added successfully
-> Setting = MyObjectBuilder_MotorSuspension/Suspension2x2Mirrored
->-> Setting added successfully
-> Setting = MyObjectBuilder_MotorSuspension/SmallSuspension3x3mirrored
->-> Setting added successfully
-> Setting = MyObjectBuilder_MotorSuspension/SmallSuspension5x5mirrored
->-> Setting added successfully
-> Setting = MyObjectBuilder_MotorSuspension/SmallSuspension1x1mirrored
->-> Setting added successfully
-> Setting = MyObjectBuilder_MotorSuspension/SmallSuspension2x2Mirrored
->-> Setting added successfully
-> Setting = MyObjectBuilder_MotorSuspension/ShortSuspension3x3
->-> Setting added successfully
-> Setting = MyObjectBuilder_MotorSuspension/ShortSuspension5x5
->-> Setting added successfully
-> Setting = MyObjectBuilder_MotorSuspension/ShortSuspension1x1
->-> Setting added successfully
-> Setting = MyObjectBuilder_MotorSuspension/ShortSuspension2x2
->-> Setting added successfully
-> Setting = MyObjectBuilder_MotorSuspension/SmallShortSuspension3x3
->-> Setting added successfully
-> Setting = MyObjectBuilder_MotorSuspension/SmallShortSuspension5x5
->-> Setting added successfully
-> Setting = MyObjectBuilder_MotorSuspension/SmallShortSuspension1x1
->-> Setting added successfully
-> Setting = MyObjectBuilder_MotorSuspension/SmallShortSuspension2x2
->-> Setting added successfully
-> Setting = MyObjectBuilder_MotorSuspension/ShortSuspension3x3mirrored
->-> Setting added successfully
-> Setting = MyObjectBuilder_MotorSuspension/ShortSuspension5x5mirrored
->-> Setting added successfully
-> Setting = MyObjectBuilder_MotorSuspension/ShortSuspension1x1mirrored
->-> Setting added successfully
-> Setting = MyObjectBuilder_MotorSuspension/ShortSuspension2x2Mirrored
->-> Setting added successfully
-> Setting = MyObjectBuilder_MotorSuspension/SmallShortSuspension3x3mirrored
->-> Setting added successfully
-> Setting = MyObjectBuilder_MotorSuspension/SmallShortSuspension5x5mirrored
->-> Setting added successfully
-> Setting = MyObjectBuilder_MotorSuspension/SmallShortSuspension1x1mirrored
->-> Setting added successfully
-> Setting = MyObjectBuilder_MotorSuspension/SmallShortSuspension2x2Mirrored
->-> Setting added successfully
-> Setting = MyObjectBuilder_Collector/LargeGravityCollector
->-> Setting added successfully
-> Setting = MyObjectBuilder_Collector/MediumGravityCollector
->-> Setting added successfully
-> Setting = MyObjectBuilder_Thrust/AQD_LG_AtmoThrusterL_Armored
->-> Setting added successfully
-> Setting = MyObjectBuilder_Thrust/AQD_LG_AtmoThrusterL_ArmoredSlope
->-> Setting added successfully
-> Setting = MyObjectBuilder_Thrust/AQD_LG_AtmoThrusterL_ArmoredSlopeRev
->-> Setting added successfully
-> Setting = MyObjectBuilder_Thrust/AQD_SG_AtmoThrusterL_Armored
->-> Setting added successfully
-> Setting = MyObjectBuilder_Thrust/AQD_SG_AtmoThrusterL_ArmoredSlope
->-> Setting added successfully
-> Setting = MyObjectBuilder_Thrust/AQD_SG_AtmoThrusterL_ArmoredSlopeRev
->-> Setting added successfully
-> Setting = MyObjectBuilder_Thrust/AQD_LG_AtmoThrusterS_Armored
->-> Setting added successfully
-> Setting = MyObjectBuilder_Thrust/AQD_LG_AtmoThrusterS_ArmoredSlope
->-> Setting added successfully
-> Setting = MyObjectBuilder_Thrust/AQD_LG_AtmoThrusterS_ArmoredSlopeRev
->-> Setting added successfully
-> Setting = MyObjectBuilder_Thrust/AQD_SG_AtmoThrusterS_Armored
->-> Setting added successfully
-> Setting = MyObjectBuilder_Thrust/AQD_SG_AtmoThrusterS_ArmoredSlope
->-> Setting added successfully
-> Setting = MyObjectBuilder_Thrust/AQD_SG_AtmoThrusterS_ArmoredSlopeRev
->-> Setting added successfully
-> Setting = MyObjectBuilder_Thrust/AQD_LG_HydroThrusterL_Armored
->-> Setting added successfully
-> Setting = MyObjectBuilder_Thrust/AQD_LG_HydroThrusterL_ArmoredSlope
->-> Setting added successfully
-> Setting = MyObjectBuilder_Thrust/AQD_SG_HydroThrusterL_Armored
->-> Setting added successfully
-> Setting = MyObjectBuilder_Thrust/AQD_SG_HydroThrusterL_ArmoredSlope
->-> Setting added successfully
-> Setting = MyObjectBuilder_Thrust/AQD_LG_HydroThrusterS_Armored
->-> Setting added successfully
-> Setting = MyObjectBuilder_Thrust/AQD_LG_HydroThrusterS_ArmoredSlope
->-> Setting added successfully
-> Setting = MyObjectBuilder_Thrust/AQD_SG_HydroThrusterS_Armored
->-> Setting added successfully
-> Setting = MyObjectBuilder_Thrust/AQD_SG_HydroThrusterS_ArmoredSlope
->-> Setting added successfully
-> Setting = MyObjectBuilder_Thrust/AQD_LG_IonThrusterL_Armored
->-> Setting added successfully
-> Setting = MyObjectBuilder_Thrust/AQD_LG_IonThrusterL_ArmoredSlope
->-> Setting added successfully
-> Setting = MyObjectBuilder_Thrust/AQD_SG_IonThrusterL_Armored
->-> Setting added successfully
-> Setting = MyObjectBuilder_Thrust/AQD_SG_IonThrusterL_ArmoredSlope
->-> Setting added successfully
-> Setting = MyObjectBuilder_Thrust/AQD_LG_IonThrusterS_Armored
->-> Setting added successfully
-> Setting = MyObjectBuilder_Thrust/AQD_LG_IonThrusterS_ArmoredSlope
->-> Setting added successfully
-> Setting = MyObjectBuilder_Thrust/AQD_SG_IonThrusterS_Armored
->-> Setting added successfully
-> Setting = MyObjectBuilder_Thrust/AQD_SG_IonThrusterS_ArmoredSlope
->-> Setting added successfully
-> Setting = MyObjectBuilder_CargoContainer/AQD_LG_ConveyorAccess
->-> Setting added successfully
-> Setting = MyObjectBuilder_AirVent/AQD_LG_ConveyorVent
->-> Setting added successfully
-> Setting = MyObjectBuilder_InteriorLight/AQD_LG_SleekCorridor_StraightLight
->-> Setting added successfully
-> Setting = MyObjectBuilder_UpgradeModule/AQD_LG_GyroBooster
->-> Setting added successfully
-> Setting = MyObjectBuilder_UpgradeModule/AQD_SG_GyroBooster
->-> Setting added successfully
-> Setting = MyObjectBuilder_UpgradeModule/AQD_LG_GyroUpgrade
->-> Setting added successfully
-> Setting = MyObjectBuilder_Gyro/AQD_LG_LargeGyro
->-> Setting added successfully
-> Setting = MyObjectBuilder_InteriorTurret/DeltaV_LargeJammer
->-> Setting added successfully
-> Setting = MyObjectBuilder_TextPanel/DeltaV_Search_Radar_Large
->-> Setting added successfully
-> Setting = MyObjectBuilder_TextPanel/DeltaV_Track_Radar_Large
->-> Setting added successfully
-> Setting = MyObjectBuilder_TextPanel/DeltaV_Search_Radar_Small
->-> Setting added successfully
-> Setting = MyObjectBuilder_TextPanel/DeltaV_Track_Radar_Small
->-> Setting added successfully
-> Setting = MyObjectBuilder_Beacon/LargeBlockIFFBeacon
->-> Setting added successfully
-> Setting = MyObjectBuilder_Beacon/SmallBlockIFFBeacon
->-> Setting added successfully
-> Setting = MyObjectBuilder_Decoy/LargeDecoy_MetalFoam
->-> Unable to retrieve MyCubeBlockDefinition
-> Setting = MyObjectBuilder_UpgradeModule/bobzone
->-> Setting added successfully
-> Setting = MyObjectBuilder_ContractBlock/MissionBlock
->-> Setting added successfully
-> Setting = MyObjectBuilder_CargoContainer/LargeBlockSmallContainerEVENT
->-> Setting added successfully
-> Setting = MyObjectBuilder_CargoContainer/LargeBlockSmallContainerLOOT
->-> Setting added successfully
-> Setting = MyObjectBuilder_CargoContainer/LargeBlockLargeContainerLOOT
->-> Setting added successfully
-> Setting = MyObjectBuilder_CargoContainer/SmallBlockSmallContainerLOOT
->-> Setting added successfully
-> Setting = MyObjectBuilder_CargoContainer/SmallBlockMediumContainerLOOT
->-> Setting added successfully
-> Setting = MyObjectBuilder_CargoContainer/SmallBlockLargeContainerLOOT
->-> Setting added successfully
-> Setting = MyObjectBuilder_RemoteControl/LargeBlockRemoteControl_CAI
->-> Setting added successfully
-> Setting = MyObjectBuilder_RemoteControl/SmallBlockRemoteControl_CAI
->-> Setting added successfully
-> Setting = MyObjectBuilder_Collector/Quantum_Tether
->-> Setting added successfully
-> Setting = MyObjectBuilder_TerminalBlock/LargeTeleportGateway
->-> Setting added successfully
-> Setting = MyObjectBuilder_Collector/ShipyardCorner_Large
->-> Setting added successfully
-> Setting = MyObjectBuilder_UpgradeModule/SlipspaceDriveLarge
->-> Unable to retrieve MyCubeBlockDefinition
-> Setting = MyObjectBuilder_Collector/SC_RCS_Computer
->-> Unable to retrieve MyCubeBlockDefinition
-> Setting = MyObjectBuilder_Collector/SC_RCS_Computer_small
->-> Unable to retrieve MyCubeBlockDefinition
-> Setting = MyObjectBuilder_Reactor/AdminGrid_Battery
->-> Setting added successfully
-> Setting = MyObjectBuilder_OxygenGenerator/AdminGrid_OxygenGenerator
->-> Setting added successfully
-> Setting = MyObjectBuilder_SafeZoneBlock/AdminGrid_SafeZone
->-> Setting added successfully
-> Setting = MyObjectBuilder_Assembler/AQD_SG_BasicAssembler
->-> Setting added successfully
-> Setting = MyObjectBuilder_Refinery/AQD_SG_BasicRefinery
->-> Setting added successfully
-> Setting = MyObjectBuilder_GravityGenerator/AQD_SG_GravityGenerator
->-> Setting added successfully
-> Setting = MyObjectBuilder_JumpDrive/AQD_SG_Jumpdrive
->-> Setting added successfully
-> Setting = MyObjectBuilder_CryoChamber/AQD_SG_OpenBed
->-> Setting added successfully
-> Setting = MyObjectBuilder_ShipConnector/AQD_SG_ConnectorSmall
->-> Setting added successfully
-> Setting = MyObjectBuilder_UpgradeModule/SlipspaceCoreSmall
->-> Setting added successfully

BeforeStart() - Checking Entity Components

Finished with settings


